2025-05-08 16:43:40,884 - INFO - training started.
2025-05-08 16:43:40,884 - INFO - Jittor using CUDA。
2025-05-08 16:43:42,100 - INFO - Epoch 1/50	 Step 1/469	 Loss 0.8965	 Time 0.01
2025-05-08 16:43:50,783 - INFO - Epoch 1/50	 Step 101/469	 Loss 0.0519	 Time 9.23
2025-05-08 16:43:58,344 - INFO - Epoch 1/50	 Step 201/469	 Loss 0.0462	 Time 7.78
2025-05-08 16:44:05,912 - INFO - Epoch 1/50	 Step 301/469	 Loss 0.0471	 Time 7.57
2025-05-08 16:44:13,483 - INFO - Epoch 1/50	 Step 401/469	 Loss 0.0321	 Time 7.57
2025-05-08 16:44:19,315 - INFO - Epoch 2/50	 Step 1/469	 Loss 0.0355	 Time 5.24
2025-05-08 16:44:26,915 - INFO - Epoch 2/50	 Step 101/469	 Loss 0.0242	 Time 8.20
2025-05-08 16:44:34,512 - INFO - Epoch 2/50	 Step 201/469	 Loss 0.0187	 Time 7.60
2025-05-08 16:44:42,110 - INFO - Epoch 2/50	 Step 301/469	 Loss 0.0259	 Time 7.60
2025-05-08 16:44:49,705 - INFO - Epoch 2/50	 Step 401/469	 Loss 0.0297	 Time 7.59
2025-05-08 16:44:54,949 - INFO - Epoch 3/50	 Step 1/469	 Loss 0.0245	 Time 5.26
2025-05-08 16:45:02,542 - INFO - Epoch 3/50	 Step 101/469	 Loss 0.0229	 Time 7.58
2025-05-08 16:45:10,151 - INFO - Epoch 3/50	 Step 201/469	 Loss 0.0289	 Time 7.61
2025-05-08 16:45:17,749 - INFO - Epoch 3/50	 Step 301/469	 Loss 0.0238	 Time 7.60
2025-05-08 16:45:25,344 - INFO - Epoch 3/50	 Step 401/469	 Loss 0.0245	 Time 7.60
2025-05-08 16:45:30,581 - INFO - Epoch 4/50	 Step 1/469	 Loss 0.0187	 Time 5.25
2025-05-08 16:45:38,179 - INFO - Epoch 4/50	 Step 101/469	 Loss 0.0206	 Time 7.59
2025-05-08 16:45:45,782 - INFO - Epoch 4/50	 Step 201/469	 Loss 0.0231	 Time 7.60
2025-05-08 16:45:53,405 - INFO - Epoch 4/50	 Step 301/469	 Loss 0.0286	 Time 7.62
2025-05-08 16:46:01,007 - INFO - Epoch 4/50	 Step 401/469	 Loss 0.0224	 Time 7.60
2025-05-08 16:46:06,249 - INFO - Epoch 5/50	 Step 1/469	 Loss 0.0201	 Time 5.26
2025-05-08 16:46:13,943 - INFO - Epoch 5/50	 Step 101/469	 Loss 0.0240	 Time 7.68
2025-05-08 16:46:21,784 - INFO - Epoch 5/50	 Step 201/469	 Loss 0.0281	 Time 7.84
2025-05-08 16:46:29,363 - INFO - Epoch 5/50	 Step 301/469	 Loss 0.0285	 Time 7.58
2025-05-08 16:46:37,013 - INFO - Epoch 5/50	 Step 401/469	 Loss 0.0263	 Time 7.65
2025-05-08 16:46:42,295 - INFO - Epoch 6/50	 Step 1/469	 Loss 0.0270	 Time 5.29
2025-05-08 16:46:49,945 - INFO - Epoch 6/50	 Step 101/469	 Loss 0.0230	 Time 7.64
2025-05-08 16:46:57,604 - INFO - Epoch 6/50	 Step 201/469	 Loss 0.0242	 Time 7.66
2025-05-08 16:47:05,282 - INFO - Epoch 6/50	 Step 301/469	 Loss 0.0226	 Time 7.68
2025-05-08 16:47:12,926 - INFO - Epoch 6/50	 Step 401/469	 Loss 0.0305	 Time 7.64
2025-05-08 16:47:18,192 - INFO - Epoch 7/50	 Step 1/469	 Loss 0.0263	 Time 5.28
2025-05-08 16:47:25,827 - INFO - Epoch 7/50	 Step 101/469	 Loss 0.0217	 Time 7.62
2025-05-08 16:47:33,486 - INFO - Epoch 7/50	 Step 201/469	 Loss 0.0231	 Time 7.66
2025-05-08 16:47:41,113 - INFO - Epoch 7/50	 Step 301/469	 Loss 0.0222	 Time 7.63
2025-05-08 16:47:48,772 - INFO - Epoch 7/50	 Step 401/469	 Loss 0.0231	 Time 7.66
2025-05-08 16:47:54,051 - INFO - Epoch 8/50	 Step 1/469	 Loss 0.0210	 Time 5.29
2025-05-08 16:48:01,698 - INFO - Epoch 8/50	 Step 101/469	 Loss 0.0242	 Time 7.64
2025-05-08 16:48:09,365 - INFO - Epoch 8/50	 Step 201/469	 Loss 0.0257	 Time 7.67
2025-05-08 16:48:17,103 - INFO - Epoch 8/50	 Step 301/469	 Loss 0.0235	 Time 7.74
2025-05-08 16:48:24,744 - INFO - Epoch 8/50	 Step 401/469	 Loss 0.0253	 Time 7.64
2025-05-08 16:48:30,012 - INFO - Epoch 9/50	 Step 1/469	 Loss 0.0220	 Time 5.28
2025-05-08 16:48:37,643 - INFO - Epoch 9/50	 Step 101/469	 Loss 0.0220	 Time 7.62
2025-05-08 16:48:45,263 - INFO - Epoch 9/50	 Step 201/469	 Loss 0.0177	 Time 7.62
2025-05-08 16:48:52,862 - INFO - Epoch 9/50	 Step 301/469	 Loss 0.0188	 Time 7.60
2025-05-08 16:49:00,473 - INFO - Epoch 9/50	 Step 401/469	 Loss 0.0200	 Time 7.61
2025-05-08 16:49:05,728 - INFO - Epoch 10/50	 Step 1/469	 Loss 0.0181	 Time 5.27
2025-05-08 16:49:13,417 - INFO - Epoch 10/50	 Step 101/469	 Loss 0.0225	 Time 7.68
2025-05-08 16:49:21,018 - INFO - Epoch 10/50	 Step 201/469	 Loss 0.0203	 Time 7.60
2025-05-08 16:49:28,624 - INFO - Epoch 10/50	 Step 301/469	 Loss 0.0169	 Time 7.61
2025-05-08 16:49:36,263 - INFO - Epoch 10/50	 Step 401/469	 Loss 0.0205	 Time 7.64
2025-05-08 16:49:41,573 - INFO - Epoch 11/50	 Step 1/469	 Loss 0.0225	 Time 5.32
2025-05-08 16:49:49,282 - INFO - Epoch 11/50	 Step 101/469	 Loss 0.0207	 Time 7.70
2025-05-08 16:49:56,890 - INFO - Epoch 11/50	 Step 201/469	 Loss 0.0150	 Time 7.61
2025-05-08 16:50:04,492 - INFO - Epoch 11/50	 Step 301/469	 Loss 0.0256	 Time 7.60
2025-05-08 16:50:12,094 - INFO - Epoch 11/50	 Step 401/469	 Loss 0.0223	 Time 7.60
2025-05-08 16:50:17,349 - INFO - Epoch 12/50	 Step 1/469	 Loss 0.0222	 Time 5.27
2025-05-08 16:50:24,967 - INFO - Epoch 12/50	 Step 101/469	 Loss 0.0187	 Time 7.61
2025-05-08 16:50:32,622 - INFO - Epoch 12/50	 Step 201/469	 Loss 0.0242	 Time 7.65
2025-05-08 16:50:40,240 - INFO - Epoch 12/50	 Step 301/469	 Loss 0.0227	 Time 7.62
2025-05-08 16:50:47,858 - INFO - Epoch 12/50	 Step 401/469	 Loss 0.0240	 Time 7.62
2025-05-08 16:50:53,140 - INFO - Epoch 13/50	 Step 1/469	 Loss 0.0199	 Time 5.29
2025-05-08 16:51:00,756 - INFO - Epoch 13/50	 Step 101/469	 Loss 0.0227	 Time 7.60
2025-05-08 16:51:08,387 - INFO - Epoch 13/50	 Step 201/469	 Loss 0.0192	 Time 7.63
2025-05-08 16:51:15,986 - INFO - Epoch 13/50	 Step 301/469	 Loss 0.0215	 Time 7.60
2025-05-08 16:51:23,591 - INFO - Epoch 13/50	 Step 401/469	 Loss 0.0207	 Time 7.61
2025-05-08 16:51:28,871 - INFO - Epoch 14/50	 Step 1/469	 Loss 0.0206	 Time 5.29
2025-05-08 16:51:36,605 - INFO - Epoch 14/50	 Step 101/469	 Loss 0.0221	 Time 7.72
2025-05-08 16:51:44,281 - INFO - Epoch 14/50	 Step 201/469	 Loss 0.0220	 Time 7.67
2025-05-08 16:51:51,972 - INFO - Epoch 14/50	 Step 301/469	 Loss 0.0220	 Time 7.69
2025-05-08 16:51:59,622 - INFO - Epoch 14/50	 Step 401/469	 Loss 0.0228	 Time 7.65
2025-05-08 16:52:04,894 - INFO - Epoch 15/50	 Step 1/469	 Loss 0.0223	 Time 5.28
2025-05-08 16:52:12,539 - INFO - Epoch 15/50	 Step 101/469	 Loss 0.0180	 Time 7.63
2025-05-08 16:52:20,183 - INFO - Epoch 15/50	 Step 201/469	 Loss 0.0221	 Time 7.64
2025-05-08 16:52:27,824 - INFO - Epoch 15/50	 Step 301/469	 Loss 0.0183	 Time 7.64
2025-05-08 16:52:35,454 - INFO - Epoch 15/50	 Step 401/469	 Loss 0.0189	 Time 7.63
2025-05-08 16:52:40,730 - INFO - Epoch 16/50	 Step 1/469	 Loss 0.0239	 Time 5.29
2025-05-08 16:52:48,338 - INFO - Epoch 16/50	 Step 101/469	 Loss 0.0246	 Time 7.59
2025-05-08 16:52:55,948 - INFO - Epoch 16/50	 Step 201/469	 Loss 0.0226	 Time 7.61
2025-05-08 16:53:03,567 - INFO - Epoch 16/50	 Step 301/469	 Loss 0.0206	 Time 7.62
2025-05-08 16:53:11,174 - INFO - Epoch 16/50	 Step 401/469	 Loss 0.0189	 Time 7.61
2025-05-08 16:53:16,418 - INFO - Epoch 17/50	 Step 1/469	 Loss 0.0244	 Time 5.26
2025-05-08 16:53:24,026 - INFO - Epoch 17/50	 Step 101/469	 Loss 0.0205	 Time 7.60
2025-05-08 16:53:31,715 - INFO - Epoch 17/50	 Step 201/469	 Loss 0.0212	 Time 7.69
2025-05-08 16:53:39,315 - INFO - Epoch 17/50	 Step 301/469	 Loss 0.0189	 Time 7.60
2025-05-08 16:53:46,902 - INFO - Epoch 17/50	 Step 401/469	 Loss 0.0210	 Time 7.59
2025-05-08 16:53:52,131 - INFO - Epoch 18/50	 Step 1/469	 Loss 0.0255	 Time 5.24
2025-05-08 16:53:59,735 - INFO - Epoch 18/50	 Step 101/469	 Loss 0.0224	 Time 7.59
2025-05-08 16:54:07,336 - INFO - Epoch 18/50	 Step 201/469	 Loss 0.0227	 Time 7.60
2025-05-08 16:54:14,925 - INFO - Epoch 18/50	 Step 301/469	 Loss 0.0289	 Time 7.59
2025-05-08 16:54:22,516 - INFO - Epoch 18/50	 Step 401/469	 Loss 0.0196	 Time 7.59
2025-05-08 16:54:27,746 - INFO - Epoch 19/50	 Step 1/469	 Loss 0.0240	 Time 5.24
2025-05-08 16:54:35,329 - INFO - Epoch 19/50	 Step 101/469	 Loss 0.0229	 Time 7.57
2025-05-08 16:54:42,925 - INFO - Epoch 19/50	 Step 201/469	 Loss 0.0235	 Time 7.60
2025-05-08 16:54:50,528 - INFO - Epoch 19/50	 Step 301/469	 Loss 0.0166	 Time 7.60
2025-05-08 16:54:58,118 - INFO - Epoch 19/50	 Step 401/469	 Loss 0.0253	 Time 7.59
2025-05-08 16:55:03,355 - INFO - Epoch 20/50	 Step 1/469	 Loss 0.0194	 Time 5.25
2025-05-08 16:55:10,942 - INFO - Epoch 20/50	 Step 101/469	 Loss 0.0222	 Time 7.57
2025-05-08 16:55:18,536 - INFO - Epoch 20/50	 Step 201/469	 Loss 0.0212	 Time 7.59
2025-05-08 16:55:26,122 - INFO - Epoch 20/50	 Step 301/469	 Loss 0.0231	 Time 7.59
2025-05-08 16:55:33,714 - INFO - Epoch 20/50	 Step 401/469	 Loss 0.0230	 Time 7.59
2025-05-08 16:55:38,949 - INFO - Epoch 21/50	 Step 1/469	 Loss 0.0238	 Time 5.25
2025-05-08 16:55:46,534 - INFO - Epoch 21/50	 Step 101/469	 Loss 0.0253	 Time 7.57
2025-05-08 16:55:54,117 - INFO - Epoch 21/50	 Step 201/469	 Loss 0.0176	 Time 7.58
2025-05-08 16:56:01,706 - INFO - Epoch 21/50	 Step 301/469	 Loss 0.0208	 Time 7.59
2025-05-08 16:56:09,288 - INFO - Epoch 21/50	 Step 401/469	 Loss 0.0223	 Time 7.58
2025-05-08 16:56:14,518 - INFO - Epoch 22/50	 Step 1/469	 Loss 0.0193	 Time 5.24
2025-05-08 16:56:22,118 - INFO - Epoch 22/50	 Step 101/469	 Loss 0.0215	 Time 7.59
2025-05-08 16:56:29,707 - INFO - Epoch 22/50	 Step 201/469	 Loss 0.0238	 Time 7.59
2025-05-08 16:56:37,285 - INFO - Epoch 22/50	 Step 301/469	 Loss 0.0193	 Time 7.58
2025-05-08 16:56:44,867 - INFO - Epoch 22/50	 Step 401/469	 Loss 0.0171	 Time 7.58
2025-05-08 16:56:50,096 - INFO - Epoch 23/50	 Step 1/469	 Loss 0.0184	 Time 5.24
2025-05-08 16:56:57,692 - INFO - Epoch 23/50	 Step 101/469	 Loss 0.0221	 Time 7.58
2025-05-08 16:57:05,268 - INFO - Epoch 23/50	 Step 201/469	 Loss 0.0214	 Time 7.58
2025-05-08 16:57:12,858 - INFO - Epoch 23/50	 Step 301/469	 Loss 0.0243	 Time 7.59
2025-05-08 16:57:20,446 - INFO - Epoch 23/50	 Step 401/469	 Loss 0.0283	 Time 7.59
2025-05-08 16:57:25,670 - INFO - Epoch 24/50	 Step 1/469	 Loss 0.0176	 Time 5.24
2025-05-08 16:57:33,249 - INFO - Epoch 24/50	 Step 101/469	 Loss 0.0214	 Time 7.57
2025-05-08 16:57:40,827 - INFO - Epoch 24/50	 Step 201/469	 Loss 0.0183	 Time 7.58
2025-05-08 16:57:48,410 - INFO - Epoch 24/50	 Step 301/469	 Loss 0.0246	 Time 7.58
2025-05-08 16:57:55,993 - INFO - Epoch 24/50	 Step 401/469	 Loss 0.0158	 Time 7.58
2025-05-08 16:58:01,226 - INFO - Epoch 25/50	 Step 1/469	 Loss 0.0204	 Time 5.25
2025-05-08 16:58:08,803 - INFO - Epoch 25/50	 Step 101/469	 Loss 0.0211	 Time 7.56
2025-05-08 16:58:16,382 - INFO - Epoch 25/50	 Step 201/469	 Loss 0.0246	 Time 7.58
2025-05-08 16:58:23,970 - INFO - Epoch 25/50	 Step 301/469	 Loss 0.0182	 Time 7.59
2025-05-08 16:58:31,551 - INFO - Epoch 25/50	 Step 401/469	 Loss 0.0198	 Time 7.58
2025-05-08 16:58:36,777 - INFO - Epoch 26/50	 Step 1/469	 Loss 0.0211	 Time 5.24
2025-05-08 16:58:44,353 - INFO - Epoch 26/50	 Step 101/469	 Loss 0.0240	 Time 7.56
2025-05-08 16:58:51,929 - INFO - Epoch 26/50	 Step 201/469	 Loss 0.0159	 Time 7.58
2025-05-08 16:58:59,508 - INFO - Epoch 26/50	 Step 301/469	 Loss 0.0209	 Time 7.58
2025-05-08 16:59:07,086 - INFO - Epoch 26/50	 Step 401/469	 Loss 0.0215	 Time 7.58
2025-05-08 16:59:12,314 - INFO - Epoch 27/50	 Step 1/469	 Loss 0.0216	 Time 5.24
2025-05-08 16:59:19,894 - INFO - Epoch 27/50	 Step 101/469	 Loss 0.0244	 Time 7.57
2025-05-08 16:59:27,473 - INFO - Epoch 27/50	 Step 201/469	 Loss 0.0207	 Time 7.58
2025-05-08 16:59:35,051 - INFO - Epoch 27/50	 Step 301/469	 Loss 0.0218	 Time 7.58
2025-05-08 16:59:42,632 - INFO - Epoch 27/50	 Step 401/469	 Loss 0.0196	 Time 7.58
2025-05-08 16:59:47,858 - INFO - Epoch 28/50	 Step 1/469	 Loss 0.0204	 Time 5.24
2025-05-08 16:59:55,436 - INFO - Epoch 28/50	 Step 101/469	 Loss 0.0234	 Time 7.57
2025-05-08 17:00:03,014 - INFO - Epoch 28/50	 Step 201/469	 Loss 0.0206	 Time 7.58
2025-05-08 17:00:10,596 - INFO - Epoch 28/50	 Step 301/469	 Loss 0.0218	 Time 7.58
2025-05-08 17:00:18,173 - INFO - Epoch 28/50	 Step 401/469	 Loss 0.0179	 Time 7.58
2025-05-08 17:00:23,400 - INFO - Epoch 29/50	 Step 1/469	 Loss 0.0234	 Time 5.24
2025-05-08 17:00:30,975 - INFO - Epoch 29/50	 Step 101/469	 Loss 0.0203	 Time 7.56
2025-05-08 17:00:38,553 - INFO - Epoch 29/50	 Step 201/469	 Loss 0.0250	 Time 7.58
2025-05-08 17:00:46,129 - INFO - Epoch 29/50	 Step 301/469	 Loss 0.0234	 Time 7.58
2025-05-08 17:00:53,703 - INFO - Epoch 29/50	 Step 401/469	 Loss 0.0188	 Time 7.57
2025-05-08 17:00:58,927 - INFO - Epoch 30/50	 Step 1/469	 Loss 0.0194	 Time 5.24
2025-05-08 17:01:06,504 - INFO - Epoch 30/50	 Step 101/469	 Loss 0.0235	 Time 7.56
2025-05-08 17:01:14,082 - INFO - Epoch 30/50	 Step 201/469	 Loss 0.0198	 Time 7.58
2025-05-08 17:01:21,665 - INFO - Epoch 30/50	 Step 301/469	 Loss 0.0236	 Time 7.58
2025-05-08 17:01:29,240 - INFO - Epoch 30/50	 Step 401/469	 Loss 0.0197	 Time 7.57
2025-05-08 17:01:34,467 - INFO - Epoch 31/50	 Step 1/469	 Loss 0.0206	 Time 5.24
2025-05-08 17:01:42,044 - INFO - Epoch 31/50	 Step 101/469	 Loss 0.0203	 Time 7.56
2025-05-08 17:01:49,623 - INFO - Epoch 31/50	 Step 201/469	 Loss 0.0193	 Time 7.58
2025-05-08 17:01:57,199 - INFO - Epoch 31/50	 Step 301/469	 Loss 0.0160	 Time 7.58
2025-05-08 17:02:04,777 - INFO - Epoch 31/50	 Step 401/469	 Loss 0.0203	 Time 7.58
2025-05-08 17:02:10,002 - INFO - Epoch 32/50	 Step 1/469	 Loss 0.0184	 Time 5.24
2025-05-08 17:02:17,581 - INFO - Epoch 32/50	 Step 101/469	 Loss 0.0188	 Time 7.57
2025-05-08 17:02:25,159 - INFO - Epoch 32/50	 Step 201/469	 Loss 0.0214	 Time 7.58
2025-05-08 17:02:32,736 - INFO - Epoch 32/50	 Step 301/469	 Loss 0.0182	 Time 7.58
2025-05-08 17:02:40,311 - INFO - Epoch 32/50	 Step 401/469	 Loss 0.0228	 Time 7.58
2025-05-08 17:02:45,534 - INFO - Epoch 33/50	 Step 1/469	 Loss 0.0210	 Time 5.24
2025-05-08 17:02:53,112 - INFO - Epoch 33/50	 Step 101/469	 Loss 0.0233	 Time 7.56
2025-05-08 17:03:00,693 - INFO - Epoch 33/50	 Step 201/469	 Loss 0.0168	 Time 7.58
2025-05-08 17:03:08,276 - INFO - Epoch 33/50	 Step 301/469	 Loss 0.0169	 Time 7.58
2025-05-08 17:03:15,855 - INFO - Epoch 33/50	 Step 401/469	 Loss 0.0223	 Time 7.58
2025-05-08 17:03:21,082 - INFO - Epoch 34/50	 Step 1/469	 Loss 0.0197	 Time 5.24
2025-05-08 17:03:28,660 - INFO - Epoch 34/50	 Step 101/469	 Loss 0.0224	 Time 7.57
2025-05-08 17:03:36,237 - INFO - Epoch 34/50	 Step 201/469	 Loss 0.0191	 Time 7.58
2025-05-08 17:03:43,814 - INFO - Epoch 34/50	 Step 301/469	 Loss 0.0209	 Time 7.58
2025-05-08 17:03:51,391 - INFO - Epoch 34/50	 Step 401/469	 Loss 0.0201	 Time 7.58
2025-05-08 17:03:56,622 - INFO - Epoch 35/50	 Step 1/469	 Loss 0.0246	 Time 5.24
2025-05-08 17:04:04,207 - INFO - Epoch 35/50	 Step 101/469	 Loss 0.0204	 Time 7.57
2025-05-08 17:04:11,784 - INFO - Epoch 35/50	 Step 201/469	 Loss 0.0226	 Time 7.58
2025-05-08 17:04:19,361 - INFO - Epoch 35/50	 Step 301/469	 Loss 0.0216	 Time 7.58
2025-05-08 17:04:26,941 - INFO - Epoch 35/50	 Step 401/469	 Loss 0.0192	 Time 7.58
2025-05-08 17:04:32,166 - INFO - Epoch 36/50	 Step 1/469	 Loss 0.0191	 Time 5.24
2025-05-08 17:04:39,746 - INFO - Epoch 36/50	 Step 101/469	 Loss 0.0190	 Time 7.57
2025-05-08 17:04:47,324 - INFO - Epoch 36/50	 Step 201/469	 Loss 0.0211	 Time 7.58
2025-05-08 17:04:54,904 - INFO - Epoch 36/50	 Step 301/469	 Loss 0.0205	 Time 7.58
2025-05-08 17:05:02,490 - INFO - Epoch 36/50	 Step 401/469	 Loss 0.0225	 Time 7.59
2025-05-08 17:05:07,718 - INFO - Epoch 37/50	 Step 1/469	 Loss 0.0164	 Time 5.24
2025-05-08 17:05:15,302 - INFO - Epoch 37/50	 Step 101/469	 Loss 0.0192	 Time 7.57
2025-05-08 17:05:22,886 - INFO - Epoch 37/50	 Step 201/469	 Loss 0.0203	 Time 7.58
2025-05-08 17:05:30,471 - INFO - Epoch 37/50	 Step 301/469	 Loss 0.0245	 Time 7.59
2025-05-08 17:05:38,055 - INFO - Epoch 37/50	 Step 401/469	 Loss 0.0203	 Time 7.58
2025-05-08 17:05:43,284 - INFO - Epoch 38/50	 Step 1/469	 Loss 0.0200	 Time 5.24
2025-05-08 17:05:50,872 - INFO - Epoch 38/50	 Step 101/469	 Loss 0.0266	 Time 7.58
2025-05-08 17:05:58,453 - INFO - Epoch 38/50	 Step 201/469	 Loss 0.0152	 Time 7.58
2025-05-08 17:06:06,037 - INFO - Epoch 38/50	 Step 301/469	 Loss 0.0171	 Time 7.58
2025-05-08 17:06:13,624 - INFO - Epoch 38/50	 Step 401/469	 Loss 0.0195	 Time 7.59
2025-05-08 17:06:19,080 - INFO - Epoch 39/50	 Step 1/469	 Loss 0.0192	 Time 5.47
2025-05-08 17:06:26,667 - INFO - Epoch 39/50	 Step 101/469	 Loss 0.0271	 Time 7.57
2025-05-08 17:06:34,251 - INFO - Epoch 39/50	 Step 201/469	 Loss 0.0239	 Time 7.58
2025-05-08 17:06:41,852 - INFO - Epoch 39/50	 Step 301/469	 Loss 0.0192	 Time 7.60
2025-05-08 17:06:49,440 - INFO - Epoch 39/50	 Step 401/469	 Loss 0.0224	 Time 7.59
2025-05-08 17:06:54,674 - INFO - Epoch 40/50	 Step 1/469	 Loss 0.0206	 Time 5.25
2025-05-08 17:07:02,260 - INFO - Epoch 40/50	 Step 101/469	 Loss 0.0212	 Time 7.57
2025-05-08 17:07:09,844 - INFO - Epoch 40/50	 Step 201/469	 Loss 0.0231	 Time 7.58
2025-05-08 17:07:17,426 - INFO - Epoch 40/50	 Step 301/469	 Loss 0.0204	 Time 7.58
2025-05-08 17:07:25,010 - INFO - Epoch 40/50	 Step 401/469	 Loss 0.0229	 Time 7.58
2025-05-08 17:07:30,239 - INFO - Epoch 41/50	 Step 1/469	 Loss 0.0233	 Time 5.24
2025-05-08 17:07:37,824 - INFO - Epoch 41/50	 Step 101/469	 Loss 0.0209	 Time 7.57
2025-05-08 17:07:45,414 - INFO - Epoch 41/50	 Step 201/469	 Loss 0.0204	 Time 7.59
2025-05-08 17:07:53,000 - INFO - Epoch 41/50	 Step 301/469	 Loss 0.0224	 Time 7.59
2025-05-08 17:08:00,587 - INFO - Epoch 41/50	 Step 401/469	 Loss 0.0197	 Time 7.59
2025-05-08 17:08:05,819 - INFO - Epoch 42/50	 Step 1/469	 Loss 0.0207	 Time 5.24
2025-05-08 17:08:13,405 - INFO - Epoch 42/50	 Step 101/469	 Loss 0.0158	 Time 7.57
2025-05-08 17:08:20,991 - INFO - Epoch 42/50	 Step 201/469	 Loss 0.0205	 Time 7.59
2025-05-08 17:08:28,576 - INFO - Epoch 42/50	 Step 301/469	 Loss 0.0213	 Time 7.59
2025-05-08 17:08:36,160 - INFO - Epoch 42/50	 Step 401/469	 Loss 0.0194	 Time 7.58
2025-05-08 17:08:41,396 - INFO - Epoch 43/50	 Step 1/469	 Loss 0.0228	 Time 5.25
2025-05-08 17:08:49,047 - INFO - Epoch 43/50	 Step 101/469	 Loss 0.0187	 Time 7.64
2025-05-08 17:08:56,651 - INFO - Epoch 43/50	 Step 201/469	 Loss 0.0206	 Time 7.60
2025-05-08 17:09:04,368 - INFO - Epoch 43/50	 Step 301/469	 Loss 0.0293	 Time 7.72
2025-05-08 17:09:12,076 - INFO - Epoch 43/50	 Step 401/469	 Loss 0.0188	 Time 7.71
2025-05-08 17:09:17,324 - INFO - Epoch 44/50	 Step 1/469	 Loss 0.0214	 Time 5.26
2025-05-08 17:09:24,981 - INFO - Epoch 44/50	 Step 101/469	 Loss 0.0218	 Time 7.65
2025-05-08 17:09:32,732 - INFO - Epoch 44/50	 Step 201/469	 Loss 0.0205	 Time 7.75
2025-05-08 17:09:40,334 - INFO - Epoch 44/50	 Step 301/469	 Loss 0.0203	 Time 7.60
2025-05-08 17:09:47,976 - INFO - Epoch 44/50	 Step 401/469	 Loss 0.0165	 Time 7.64
2025-05-08 17:09:53,204 - INFO - Epoch 45/50	 Step 1/469	 Loss 0.0193	 Time 5.24
2025-05-08 17:10:00,795 - INFO - Epoch 45/50	 Step 101/469	 Loss 0.0225	 Time 7.58
2025-05-08 17:10:08,391 - INFO - Epoch 45/50	 Step 201/469	 Loss 0.0163	 Time 7.60
2025-05-08 17:10:16,037 - INFO - Epoch 45/50	 Step 301/469	 Loss 0.0201	 Time 7.65
2025-05-08 17:10:23,680 - INFO - Epoch 45/50	 Step 401/469	 Loss 0.0201	 Time 7.64
2025-05-08 17:10:29,003 - INFO - Epoch 46/50	 Step 1/469	 Loss 0.0189	 Time 5.34
2025-05-08 17:10:36,660 - INFO - Epoch 46/50	 Step 101/469	 Loss 0.0194	 Time 7.64
2025-05-08 17:10:44,309 - INFO - Epoch 46/50	 Step 201/469	 Loss 0.0168	 Time 7.65
2025-05-08 17:10:51,924 - INFO - Epoch 46/50	 Step 301/469	 Loss 0.0195	 Time 7.62
2025-05-08 17:10:59,507 - INFO - Epoch 46/50	 Step 401/469	 Loss 0.0275	 Time 7.58
2025-05-08 17:11:04,735 - INFO - Epoch 47/50	 Step 1/469	 Loss 0.0207	 Time 5.24
2025-05-08 17:11:12,315 - INFO - Epoch 47/50	 Step 101/469	 Loss 0.0204	 Time 7.57
2025-05-08 17:11:19,918 - INFO - Epoch 47/50	 Step 201/469	 Loss 0.0247	 Time 7.60
2025-05-08 17:11:27,537 - INFO - Epoch 47/50	 Step 301/469	 Loss 0.0204	 Time 7.62
2025-05-08 17:11:35,258 - INFO - Epoch 47/50	 Step 401/469	 Loss 0.0182	 Time 7.72
2025-05-08 17:11:40,539 - INFO - Epoch 48/50	 Step 1/469	 Loss 0.0201	 Time 5.29
2025-05-08 17:11:48,186 - INFO - Epoch 48/50	 Step 101/469	 Loss 0.0183	 Time 7.63
2025-05-08 17:11:56,036 - INFO - Epoch 48/50	 Step 201/469	 Loss 0.0187	 Time 7.85
2025-05-08 17:12:03,619 - INFO - Epoch 48/50	 Step 301/469	 Loss 0.0209	 Time 7.58
2025-05-08 17:12:11,201 - INFO - Epoch 48/50	 Step 401/469	 Loss 0.0204	 Time 7.58
2025-05-08 17:12:16,428 - INFO - Epoch 49/50	 Step 1/469	 Loss 0.0225	 Time 5.24
2025-05-08 17:12:24,116 - INFO - Epoch 49/50	 Step 101/469	 Loss 0.0231	 Time 7.67
2025-05-08 17:12:31,703 - INFO - Epoch 49/50	 Step 201/469	 Loss 0.0206	 Time 7.59
2025-05-08 17:12:39,288 - INFO - Epoch 49/50	 Step 301/469	 Loss 0.0219	 Time 7.59
2025-05-08 17:12:46,875 - INFO - Epoch 49/50	 Step 401/469	 Loss 0.0219	 Time 7.59
2025-05-08 17:12:52,103 - INFO - Epoch 50/50	 Step 1/469	 Loss 0.0170	 Time 5.24
2025-05-08 17:12:59,684 - INFO - Epoch 50/50	 Step 101/469	 Loss 0.0203	 Time 7.57
2025-05-08 17:13:07,265 - INFO - Epoch 50/50	 Step 201/469	 Loss 0.0225	 Time 7.58
2025-05-08 17:13:14,849 - INFO - Epoch 50/50	 Step 301/469	 Loss 0.0169	 Time 7.58
2025-05-08 17:13:22,435 - INFO - Epoch 50/50	 Step 401/469	 Loss 0.0183	 Time 7.59
2025-05-08 17:13:27,566 - INFO - Training finished.
2025-05-08 17:13:50,904 - INFO - FID: 50.61, IS: 2.00 (std: 0.30)
