2025-05-08 18:07:50,483 - INFO - training started.
2025-05-08 18:07:50,483 - INFO - PyTorch use CUDA.
2025-05-08 18:07:51,331 - INFO - Epoch 1/50	 Step 1/469	 Loss 1.1578	 Time 0.56
2025-05-08 18:07:58,264 - INFO - Epoch 1/50	 Step 101/469	 Loss 0.0738	 Time 6.92
2025-05-08 18:08:05,025 - INFO - Epoch 1/50	 Step 201/469	 Loss 0.0384	 Time 6.76
2025-05-08 18:08:11,789 - INFO - Epoch 1/50	 Step 301/469	 Loss 0.0314	 Time 6.76
2025-05-08 18:08:18,553 - INFO - Epoch 1/50	 Step 401/469	 Loss 0.0374	 Time 6.76
2025-05-08 18:08:23,252 - INFO - Epoch 2/50	 Step 1/469	 Loss 0.0393	 Time 4.70
2025-05-08 18:08:30,050 - INFO - Epoch 2/50	 Step 101/469	 Loss 0.0350	 Time 6.80
2025-05-08 18:08:36,836 - INFO - Epoch 2/50	 Step 201/469	 Loss 0.0350	 Time 6.78
2025-05-08 18:08:43,623 - INFO - Epoch 2/50	 Step 301/469	 Loss 0.0291	 Time 6.79
2025-05-08 18:08:50,411 - INFO - Epoch 2/50	 Step 401/469	 Loss 0.0290	 Time 6.79
2025-05-08 18:08:55,079 - INFO - Epoch 3/50	 Step 1/469	 Loss 0.0312	 Time 4.67
2025-05-08 18:09:01,866 - INFO - Epoch 3/50	 Step 101/469	 Loss 0.0209	 Time 6.79
2025-05-08 18:09:08,653 - INFO - Epoch 3/50	 Step 201/469	 Loss 0.0315	 Time 6.79
2025-05-08 18:09:15,452 - INFO - Epoch 3/50	 Step 301/469	 Loss 0.0270	 Time 6.80
2025-05-08 18:09:22,260 - INFO - Epoch 3/50	 Step 401/469	 Loss 0.0261	 Time 6.81
2025-05-08 18:09:26,942 - INFO - Epoch 4/50	 Step 1/469	 Loss 0.0306	 Time 4.68
2025-05-08 18:09:33,749 - INFO - Epoch 4/50	 Step 101/469	 Loss 0.0226	 Time 6.81
2025-05-08 18:09:40,556 - INFO - Epoch 4/50	 Step 201/469	 Loss 0.0262	 Time 6.81
2025-05-08 18:09:47,363 - INFO - Epoch 4/50	 Step 301/469	 Loss 0.0249	 Time 6.81
2025-05-08 18:09:54,188 - INFO - Epoch 4/50	 Step 401/469	 Loss 0.0270	 Time 6.83
2025-05-08 18:09:58,869 - INFO - Epoch 5/50	 Step 1/469	 Loss 0.0301	 Time 4.68
2025-05-08 18:10:05,675 - INFO - Epoch 5/50	 Step 101/469	 Loss 0.0220	 Time 6.81
2025-05-08 18:10:12,483 - INFO - Epoch 5/50	 Step 201/469	 Loss 0.0234	 Time 6.81
2025-05-08 18:10:19,290 - INFO - Epoch 5/50	 Step 301/469	 Loss 0.0251	 Time 6.81
2025-05-08 18:10:26,098 - INFO - Epoch 5/50	 Step 401/469	 Loss 0.0263	 Time 6.81
2025-05-08 18:10:30,827 - INFO - Epoch 6/50	 Step 1/469	 Loss 0.0262	 Time 4.73
2025-05-08 18:10:37,836 - INFO - Epoch 6/50	 Step 101/469	 Loss 0.0234	 Time 7.01
2025-05-08 18:10:44,861 - INFO - Epoch 6/50	 Step 201/469	 Loss 0.0192	 Time 7.02
2025-05-08 18:10:51,742 - INFO - Epoch 6/50	 Step 301/469	 Loss 0.0223	 Time 6.88
2025-05-08 18:10:58,671 - INFO - Epoch 6/50	 Step 401/469	 Loss 0.0211	 Time 6.93
2025-05-08 18:11:03,497 - INFO - Epoch 7/50	 Step 1/469	 Loss 0.0221	 Time 4.83
2025-05-08 18:11:10,504 - INFO - Epoch 7/50	 Step 101/469	 Loss 0.0229	 Time 7.01
2025-05-08 18:11:17,420 - INFO - Epoch 7/50	 Step 201/469	 Loss 0.0244	 Time 6.91
2025-05-08 18:11:24,226 - INFO - Epoch 7/50	 Step 301/469	 Loss 0.0219	 Time 6.81
2025-05-08 18:11:31,033 - INFO - Epoch 7/50	 Step 401/469	 Loss 0.0236	 Time 6.81
2025-05-08 18:11:35,714 - INFO - Epoch 8/50	 Step 1/469	 Loss 0.0239	 Time 4.68
2025-05-08 18:11:42,522 - INFO - Epoch 8/50	 Step 101/469	 Loss 0.0226	 Time 6.81
2025-05-08 18:11:49,430 - INFO - Epoch 8/50	 Step 201/469	 Loss 0.0236	 Time 6.91
2025-05-08 18:11:56,236 - INFO - Epoch 8/50	 Step 301/469	 Loss 0.0241	 Time 6.81
2025-05-08 18:12:03,042 - INFO - Epoch 8/50	 Step 401/469	 Loss 0.0254	 Time 6.81
2025-05-08 18:12:07,722 - INFO - Epoch 9/50	 Step 1/469	 Loss 0.0218	 Time 4.68
2025-05-08 18:12:14,527 - INFO - Epoch 9/50	 Step 101/469	 Loss 0.0219	 Time 6.81
2025-05-08 18:12:21,333 - INFO - Epoch 9/50	 Step 201/469	 Loss 0.0238	 Time 6.81
2025-05-08 18:12:28,138 - INFO - Epoch 9/50	 Step 301/469	 Loss 0.0229	 Time 6.81
2025-05-08 18:12:34,944 - INFO - Epoch 9/50	 Step 401/469	 Loss 0.0202	 Time 6.81
2025-05-08 18:12:39,624 - INFO - Epoch 10/50	 Step 1/469	 Loss 0.0211	 Time 4.68
2025-05-08 18:12:46,429 - INFO - Epoch 10/50	 Step 101/469	 Loss 0.0221	 Time 6.81
2025-05-08 18:12:53,235 - INFO - Epoch 10/50	 Step 201/469	 Loss 0.0234	 Time 6.81
2025-05-08 18:13:00,042 - INFO - Epoch 10/50	 Step 301/469	 Loss 0.0210	 Time 6.81
2025-05-08 18:13:06,849 - INFO - Epoch 10/50	 Step 401/469	 Loss 0.0218	 Time 6.81
2025-05-08 18:13:11,529 - INFO - Epoch 11/50	 Step 1/469	 Loss 0.0194	 Time 4.68
2025-05-08 18:13:18,335 - INFO - Epoch 11/50	 Step 101/469	 Loss 0.0209	 Time 6.81
2025-05-08 18:13:25,142 - INFO - Epoch 11/50	 Step 201/469	 Loss 0.0187	 Time 6.81
2025-05-08 18:13:31,948 - INFO - Epoch 11/50	 Step 301/469	 Loss 0.0214	 Time 6.81
2025-05-08 18:13:38,755 - INFO - Epoch 11/50	 Step 401/469	 Loss 0.0259	 Time 6.81
2025-05-08 18:13:43,435 - INFO - Epoch 12/50	 Step 1/469	 Loss 0.0205	 Time 4.68
2025-05-08 18:13:50,240 - INFO - Epoch 12/50	 Step 101/469	 Loss 0.0212	 Time 6.80
2025-05-08 18:13:57,045 - INFO - Epoch 12/50	 Step 201/469	 Loss 0.0231	 Time 6.80
2025-05-08 18:14:03,854 - INFO - Epoch 12/50	 Step 301/469	 Loss 0.0217	 Time 6.81
2025-05-08 18:14:10,659 - INFO - Epoch 12/50	 Step 401/469	 Loss 0.0197	 Time 6.80
2025-05-08 18:14:15,338 - INFO - Epoch 13/50	 Step 1/469	 Loss 0.0230	 Time 4.68
2025-05-08 18:14:22,142 - INFO - Epoch 13/50	 Step 101/469	 Loss 0.0167	 Time 6.80
2025-05-08 18:14:28,989 - INFO - Epoch 13/50	 Step 201/469	 Loss 0.0254	 Time 6.85
2025-05-08 18:14:35,889 - INFO - Epoch 13/50	 Step 301/469	 Loss 0.0225	 Time 6.90
2025-05-08 18:14:42,696 - INFO - Epoch 13/50	 Step 401/469	 Loss 0.0179	 Time 6.81
2025-05-08 18:14:47,376 - INFO - Epoch 14/50	 Step 1/469	 Loss 0.0280	 Time 4.68
2025-05-08 18:14:54,183 - INFO - Epoch 14/50	 Step 101/469	 Loss 0.0248	 Time 6.81
2025-05-08 18:15:00,989 - INFO - Epoch 14/50	 Step 201/469	 Loss 0.0233	 Time 6.81
2025-05-08 18:15:07,796 - INFO - Epoch 14/50	 Step 301/469	 Loss 0.0197	 Time 6.81
2025-05-08 18:15:14,602 - INFO - Epoch 14/50	 Step 401/469	 Loss 0.0223	 Time 6.81
2025-05-08 18:15:19,284 - INFO - Epoch 15/50	 Step 1/469	 Loss 0.0220	 Time 4.68
2025-05-08 18:15:26,090 - INFO - Epoch 15/50	 Step 101/469	 Loss 0.0248	 Time 6.81
2025-05-08 18:15:32,897 - INFO - Epoch 15/50	 Step 201/469	 Loss 0.0239	 Time 6.81
2025-05-08 18:15:39,704 - INFO - Epoch 15/50	 Step 301/469	 Loss 0.0220	 Time 6.81
2025-05-08 18:15:46,511 - INFO - Epoch 15/50	 Step 401/469	 Loss 0.0318	 Time 6.81
2025-05-08 18:15:51,191 - INFO - Epoch 16/50	 Step 1/469	 Loss 0.0192	 Time 4.68
2025-05-08 18:15:57,998 - INFO - Epoch 16/50	 Step 101/469	 Loss 0.0199	 Time 6.81
2025-05-08 18:16:04,804 - INFO - Epoch 16/50	 Step 201/469	 Loss 0.0236	 Time 6.81
2025-05-08 18:16:11,611 - INFO - Epoch 16/50	 Step 301/469	 Loss 0.0226	 Time 6.81
2025-05-08 18:16:18,417 - INFO - Epoch 16/50	 Step 401/469	 Loss 0.0159	 Time 6.81
2025-05-08 18:16:23,098 - INFO - Epoch 17/50	 Step 1/469	 Loss 0.0191	 Time 4.68
2025-05-08 18:16:29,904 - INFO - Epoch 17/50	 Step 101/469	 Loss 0.0266	 Time 6.81
2025-05-08 18:16:36,742 - INFO - Epoch 17/50	 Step 201/469	 Loss 0.0247	 Time 6.84
2025-05-08 18:16:43,548 - INFO - Epoch 17/50	 Step 301/469	 Loss 0.0240	 Time 6.81
2025-05-08 18:16:50,359 - INFO - Epoch 17/50	 Step 401/469	 Loss 0.0189	 Time 6.81
2025-05-08 18:16:55,038 - INFO - Epoch 18/50	 Step 1/469	 Loss 0.0204	 Time 4.68
2025-05-08 18:17:01,843 - INFO - Epoch 18/50	 Step 101/469	 Loss 0.0248	 Time 6.81
2025-05-08 18:17:08,650 - INFO - Epoch 18/50	 Step 201/469	 Loss 0.0218	 Time 6.81
2025-05-08 18:17:15,455 - INFO - Epoch 18/50	 Step 301/469	 Loss 0.0222	 Time 6.80
2025-05-08 18:17:22,260 - INFO - Epoch 18/50	 Step 401/469	 Loss 0.0224	 Time 6.81
2025-05-08 18:17:26,941 - INFO - Epoch 19/50	 Step 1/469	 Loss 0.0230	 Time 4.68
2025-05-08 18:17:33,748 - INFO - Epoch 19/50	 Step 101/469	 Loss 0.0189	 Time 6.81
2025-05-08 18:17:40,554 - INFO - Epoch 19/50	 Step 201/469	 Loss 0.0224	 Time 6.81
2025-05-08 18:17:47,360 - INFO - Epoch 19/50	 Step 301/469	 Loss 0.0220	 Time 6.81
2025-05-08 18:17:54,165 - INFO - Epoch 19/50	 Step 401/469	 Loss 0.0197	 Time 6.81
2025-05-08 18:17:58,845 - INFO - Epoch 20/50	 Step 1/469	 Loss 0.0162	 Time 4.68
2025-05-08 18:18:05,664 - INFO - Epoch 20/50	 Step 101/469	 Loss 0.0228	 Time 6.82
2025-05-08 18:18:12,470 - INFO - Epoch 20/50	 Step 201/469	 Loss 0.0234	 Time 6.81
2025-05-08 18:18:19,276 - INFO - Epoch 20/50	 Step 301/469	 Loss 0.0202	 Time 6.81
2025-05-08 18:18:26,083 - INFO - Epoch 20/50	 Step 401/469	 Loss 0.0217	 Time 6.81
2025-05-08 18:18:30,764 - INFO - Epoch 21/50	 Step 1/469	 Loss 0.0193	 Time 4.68
2025-05-08 18:18:37,570 - INFO - Epoch 21/50	 Step 101/469	 Loss 0.0218	 Time 6.81
2025-05-08 18:18:44,376 - INFO - Epoch 21/50	 Step 201/469	 Loss 0.0196	 Time 6.81
2025-05-08 18:18:51,190 - INFO - Epoch 21/50	 Step 301/469	 Loss 0.0237	 Time 6.81
2025-05-08 18:18:58,106 - INFO - Epoch 21/50	 Step 401/469	 Loss 0.0222	 Time 6.92
2025-05-08 18:19:02,787 - INFO - Epoch 22/50	 Step 1/469	 Loss 0.0218	 Time 4.68
2025-05-08 18:19:09,659 - INFO - Epoch 22/50	 Step 101/469	 Loss 0.0214	 Time 6.87
2025-05-08 18:19:16,466 - INFO - Epoch 22/50	 Step 201/469	 Loss 0.0178	 Time 6.81
2025-05-08 18:19:23,273 - INFO - Epoch 22/50	 Step 301/469	 Loss 0.0187	 Time 6.81
2025-05-08 18:19:30,078 - INFO - Epoch 22/50	 Step 401/469	 Loss 0.0213	 Time 6.81
2025-05-08 18:19:34,759 - INFO - Epoch 23/50	 Step 1/469	 Loss 0.0219	 Time 4.68
2025-05-08 18:19:41,582 - INFO - Epoch 23/50	 Step 101/469	 Loss 0.0175	 Time 6.82
2025-05-08 18:19:48,393 - INFO - Epoch 23/50	 Step 201/469	 Loss 0.0188	 Time 6.81
2025-05-08 18:19:55,253 - INFO - Epoch 23/50	 Step 301/469	 Loss 0.0163	 Time 6.86
2025-05-08 18:20:02,062 - INFO - Epoch 23/50	 Step 401/469	 Loss 0.0232	 Time 6.81
2025-05-08 18:20:06,743 - INFO - Epoch 24/50	 Step 1/469	 Loss 0.0224	 Time 4.68
2025-05-08 18:20:13,563 - INFO - Epoch 24/50	 Step 101/469	 Loss 0.0172	 Time 6.82
2025-05-08 18:20:20,370 - INFO - Epoch 24/50	 Step 201/469	 Loss 0.0220	 Time 6.81
2025-05-08 18:20:27,252 - INFO - Epoch 24/50	 Step 301/469	 Loss 0.0210	 Time 6.88
2025-05-08 18:20:34,059 - INFO - Epoch 24/50	 Step 401/469	 Loss 0.0178	 Time 6.81
2025-05-08 18:20:38,739 - INFO - Epoch 25/50	 Step 1/469	 Loss 0.0179	 Time 4.68
2025-05-08 18:20:45,546 - INFO - Epoch 25/50	 Step 101/469	 Loss 0.0183	 Time 6.81
2025-05-08 18:20:52,368 - INFO - Epoch 25/50	 Step 201/469	 Loss 0.0190	 Time 6.82
2025-05-08 18:20:59,175 - INFO - Epoch 25/50	 Step 301/469	 Loss 0.0220	 Time 6.81
2025-05-08 18:21:05,982 - INFO - Epoch 25/50	 Step 401/469	 Loss 0.0206	 Time 6.81
2025-05-08 18:21:10,663 - INFO - Epoch 26/50	 Step 1/469	 Loss 0.0172	 Time 4.68
2025-05-08 18:21:17,469 - INFO - Epoch 26/50	 Step 101/469	 Loss 0.0230	 Time 6.81
2025-05-08 18:21:24,275 - INFO - Epoch 26/50	 Step 201/469	 Loss 0.0198	 Time 6.81
2025-05-08 18:21:31,082 - INFO - Epoch 26/50	 Step 301/469	 Loss 0.0230	 Time 6.81
2025-05-08 18:21:37,889 - INFO - Epoch 26/50	 Step 401/469	 Loss 0.0194	 Time 6.81
2025-05-08 18:21:42,570 - INFO - Epoch 27/50	 Step 1/469	 Loss 0.0218	 Time 4.68
2025-05-08 18:21:49,376 - INFO - Epoch 27/50	 Step 101/469	 Loss 0.0218	 Time 6.81
2025-05-08 18:21:56,182 - INFO - Epoch 27/50	 Step 201/469	 Loss 0.0210	 Time 6.81
2025-05-08 18:22:02,989 - INFO - Epoch 27/50	 Step 301/469	 Loss 0.0260	 Time 6.81
2025-05-08 18:22:09,796 - INFO - Epoch 27/50	 Step 401/469	 Loss 0.0176	 Time 6.81
2025-05-08 18:22:14,477 - INFO - Epoch 28/50	 Step 1/469	 Loss 0.0250	 Time 4.68
2025-05-08 18:22:21,283 - INFO - Epoch 28/50	 Step 101/469	 Loss 0.0195	 Time 6.81
2025-05-08 18:22:28,091 - INFO - Epoch 28/50	 Step 201/469	 Loss 0.0205	 Time 6.81
2025-05-08 18:22:34,922 - INFO - Epoch 28/50	 Step 301/469	 Loss 0.0230	 Time 6.83
2025-05-08 18:22:41,729 - INFO - Epoch 28/50	 Step 401/469	 Loss 0.0225	 Time 6.81
2025-05-08 18:22:46,410 - INFO - Epoch 29/50	 Step 1/469	 Loss 0.0176	 Time 4.68
2025-05-08 18:22:53,218 - INFO - Epoch 29/50	 Step 101/469	 Loss 0.0204	 Time 6.81
2025-05-08 18:23:00,027 - INFO - Epoch 29/50	 Step 201/469	 Loss 0.0220	 Time 6.81
2025-05-08 18:23:06,834 - INFO - Epoch 29/50	 Step 301/469	 Loss 0.0236	 Time 6.81
2025-05-08 18:23:13,642 - INFO - Epoch 29/50	 Step 401/469	 Loss 0.0252	 Time 6.81
2025-05-08 18:23:18,323 - INFO - Epoch 30/50	 Step 1/469	 Loss 0.0165	 Time 4.68
2025-05-08 18:23:25,131 - INFO - Epoch 30/50	 Step 101/469	 Loss 0.0178	 Time 6.81
2025-05-08 18:23:31,938 - INFO - Epoch 30/50	 Step 201/469	 Loss 0.0193	 Time 6.81
2025-05-08 18:23:38,746 - INFO - Epoch 30/50	 Step 301/469	 Loss 0.0244	 Time 6.81
2025-05-08 18:23:45,553 - INFO - Epoch 30/50	 Step 401/469	 Loss 0.0178	 Time 6.81
2025-05-08 18:23:50,234 - INFO - Epoch 31/50	 Step 1/469	 Loss 0.0185	 Time 4.68
2025-05-08 18:23:57,042 - INFO - Epoch 31/50	 Step 101/469	 Loss 0.0234	 Time 6.81
2025-05-08 18:24:03,849 - INFO - Epoch 31/50	 Step 201/469	 Loss 0.0199	 Time 6.81
2025-05-08 18:24:10,666 - INFO - Epoch 31/50	 Step 301/469	 Loss 0.0199	 Time 6.82
2025-05-08 18:24:17,472 - INFO - Epoch 31/50	 Step 401/469	 Loss 0.0280	 Time 6.81
2025-05-08 18:24:22,153 - INFO - Epoch 32/50	 Step 1/469	 Loss 0.0179	 Time 4.68
2025-05-08 18:24:28,959 - INFO - Epoch 32/50	 Step 101/469	 Loss 0.0186	 Time 6.81
2025-05-08 18:24:35,767 - INFO - Epoch 32/50	 Step 201/469	 Loss 0.0171	 Time 6.81
2025-05-08 18:24:42,575 - INFO - Epoch 32/50	 Step 301/469	 Loss 0.0187	 Time 6.81
2025-05-08 18:24:49,383 - INFO - Epoch 32/50	 Step 401/469	 Loss 0.0184	 Time 6.81
2025-05-08 18:24:54,064 - INFO - Epoch 33/50	 Step 1/469	 Loss 0.0192	 Time 4.68
2025-05-08 18:25:00,872 - INFO - Epoch 33/50	 Step 101/469	 Loss 0.0176	 Time 6.81
2025-05-08 18:25:07,708 - INFO - Epoch 33/50	 Step 201/469	 Loss 0.0265	 Time 6.84
2025-05-08 18:25:14,516 - INFO - Epoch 33/50	 Step 301/469	 Loss 0.0213	 Time 6.81
2025-05-08 18:25:21,324 - INFO - Epoch 33/50	 Step 401/469	 Loss 0.0198	 Time 6.81
2025-05-08 18:25:26,005 - INFO - Epoch 34/50	 Step 1/469	 Loss 0.0202	 Time 4.68
2025-05-08 18:25:32,814 - INFO - Epoch 34/50	 Step 101/469	 Loss 0.0208	 Time 6.81
2025-05-08 18:25:39,622 - INFO - Epoch 34/50	 Step 201/469	 Loss 0.0206	 Time 6.81
2025-05-08 18:25:46,430 - INFO - Epoch 34/50	 Step 301/469	 Loss 0.0212	 Time 6.81
2025-05-08 18:25:53,238 - INFO - Epoch 34/50	 Step 401/469	 Loss 0.0250	 Time 6.81
2025-05-08 18:25:57,919 - INFO - Epoch 35/50	 Step 1/469	 Loss 0.0267	 Time 4.68
2025-05-08 18:26:04,727 - INFO - Epoch 35/50	 Step 101/469	 Loss 0.0212	 Time 6.81
2025-05-08 18:26:11,630 - INFO - Epoch 35/50	 Step 201/469	 Loss 0.0229	 Time 6.90
2025-05-08 18:26:18,439 - INFO - Epoch 35/50	 Step 301/469	 Loss 0.0215	 Time 6.81
2025-05-08 18:26:25,248 - INFO - Epoch 35/50	 Step 401/469	 Loss 0.0148	 Time 6.81
2025-05-08 18:26:29,930 - INFO - Epoch 36/50	 Step 1/469	 Loss 0.0182	 Time 4.68
2025-05-08 18:26:36,737 - INFO - Epoch 36/50	 Step 101/469	 Loss 0.0259	 Time 6.81
2025-05-08 18:26:43,546 - INFO - Epoch 36/50	 Step 201/469	 Loss 0.0207	 Time 6.81
2025-05-08 18:26:50,353 - INFO - Epoch 36/50	 Step 301/469	 Loss 0.0171	 Time 6.81
2025-05-08 18:26:57,162 - INFO - Epoch 36/50	 Step 401/469	 Loss 0.0215	 Time 6.81
2025-05-08 18:27:01,843 - INFO - Epoch 37/50	 Step 1/469	 Loss 0.0233	 Time 4.68
2025-05-08 18:27:08,652 - INFO - Epoch 37/50	 Step 101/469	 Loss 0.0166	 Time 6.81
2025-05-08 18:27:15,460 - INFO - Epoch 37/50	 Step 201/469	 Loss 0.0148	 Time 6.81
2025-05-08 18:27:22,268 - INFO - Epoch 37/50	 Step 301/469	 Loss 0.0215	 Time 6.81
2025-05-08 18:27:29,076 - INFO - Epoch 37/50	 Step 401/469	 Loss 0.0160	 Time 6.81
2025-05-08 18:27:33,757 - INFO - Epoch 38/50	 Step 1/469	 Loss 0.0191	 Time 4.68
2025-05-08 18:27:40,565 - INFO - Epoch 38/50	 Step 101/469	 Loss 0.0192	 Time 6.81
2025-05-08 18:27:47,373 - INFO - Epoch 38/50	 Step 201/469	 Loss 0.0232	 Time 6.81
2025-05-08 18:27:54,199 - INFO - Epoch 38/50	 Step 301/469	 Loss 0.0258	 Time 6.82
2025-05-08 18:28:01,007 - INFO - Epoch 38/50	 Step 401/469	 Loss 0.0186	 Time 6.81
2025-05-08 18:28:05,688 - INFO - Epoch 39/50	 Step 1/469	 Loss 0.0181	 Time 4.68
2025-05-08 18:28:12,497 - INFO - Epoch 39/50	 Step 101/469	 Loss 0.0155	 Time 6.81
2025-05-08 18:28:19,305 - INFO - Epoch 39/50	 Step 201/469	 Loss 0.0188	 Time 6.81
2025-05-08 18:28:26,112 - INFO - Epoch 39/50	 Step 301/469	 Loss 0.0234	 Time 6.81
2025-05-08 18:28:33,040 - INFO - Epoch 39/50	 Step 401/469	 Loss 0.0160	 Time 6.93
2025-05-08 18:28:37,748 - INFO - Epoch 40/50	 Step 1/469	 Loss 0.0197	 Time 4.70
2025-05-08 18:28:44,572 - INFO - Epoch 40/50	 Step 101/469	 Loss 0.0238	 Time 6.82
2025-05-08 18:28:51,380 - INFO - Epoch 40/50	 Step 201/469	 Loss 0.0222	 Time 6.81
2025-05-08 18:28:58,188 - INFO - Epoch 40/50	 Step 301/469	 Loss 0.0190	 Time 6.81
2025-05-08 18:29:04,996 - INFO - Epoch 40/50	 Step 401/469	 Loss 0.0208	 Time 6.81
2025-05-08 18:29:09,678 - INFO - Epoch 41/50	 Step 1/469	 Loss 0.0268	 Time 4.68
2025-05-08 18:29:16,587 - INFO - Epoch 41/50	 Step 101/469	 Loss 0.0209	 Time 6.91
2025-05-08 18:29:23,521 - INFO - Epoch 41/50	 Step 201/469	 Loss 0.0215	 Time 6.93
2025-05-08 18:29:30,327 - INFO - Epoch 41/50	 Step 301/469	 Loss 0.0198	 Time 6.81
2025-05-08 18:29:37,133 - INFO - Epoch 41/50	 Step 401/469	 Loss 0.0211	 Time 6.81
2025-05-08 18:29:41,819 - INFO - Epoch 42/50	 Step 1/469	 Loss 0.0227	 Time 4.69
2025-05-08 18:29:48,627 - INFO - Epoch 42/50	 Step 101/469	 Loss 0.0191	 Time 6.81
2025-05-08 18:29:55,434 - INFO - Epoch 42/50	 Step 201/469	 Loss 0.0180	 Time 6.81
2025-05-08 18:30:02,263 - INFO - Epoch 42/50	 Step 301/469	 Loss 0.0204	 Time 6.83
2025-05-08 18:30:09,069 - INFO - Epoch 42/50	 Step 401/469	 Loss 0.0170	 Time 6.81
2025-05-08 18:30:13,749 - INFO - Epoch 43/50	 Step 1/469	 Loss 0.0170	 Time 4.68
2025-05-08 18:30:20,554 - INFO - Epoch 43/50	 Step 101/469	 Loss 0.0246	 Time 6.81
2025-05-08 18:30:27,361 - INFO - Epoch 43/50	 Step 201/469	 Loss 0.0176	 Time 6.81
2025-05-08 18:30:34,167 - INFO - Epoch 43/50	 Step 301/469	 Loss 0.0226	 Time 6.81
2025-05-08 18:30:40,990 - INFO - Epoch 43/50	 Step 401/469	 Loss 0.0210	 Time 6.82
2025-05-08 18:30:45,676 - INFO - Epoch 44/50	 Step 1/469	 Loss 0.0169	 Time 4.69
2025-05-08 18:30:52,482 - INFO - Epoch 44/50	 Step 101/469	 Loss 0.0235	 Time 6.81
2025-05-08 18:30:59,288 - INFO - Epoch 44/50	 Step 201/469	 Loss 0.0202	 Time 6.81
2025-05-08 18:31:06,094 - INFO - Epoch 44/50	 Step 301/469	 Loss 0.0170	 Time 6.81
2025-05-08 18:31:12,900 - INFO - Epoch 44/50	 Step 401/469	 Loss 0.0202	 Time 6.81
2025-05-08 18:31:17,580 - INFO - Epoch 45/50	 Step 1/469	 Loss 0.0226	 Time 4.68
2025-05-08 18:31:24,386 - INFO - Epoch 45/50	 Step 101/469	 Loss 0.0187	 Time 6.81
2025-05-08 18:31:31,192 - INFO - Epoch 45/50	 Step 201/469	 Loss 0.0228	 Time 6.81
2025-05-08 18:31:37,997 - INFO - Epoch 45/50	 Step 301/469	 Loss 0.0141	 Time 6.81
2025-05-08 18:31:44,803 - INFO - Epoch 45/50	 Step 401/469	 Loss 0.0186	 Time 6.81
2025-05-08 18:31:49,521 - INFO - Epoch 46/50	 Step 1/469	 Loss 0.0180	 Time 4.72
2025-05-08 18:31:56,327 - INFO - Epoch 46/50	 Step 101/469	 Loss 0.0222	 Time 6.81
2025-05-08 18:32:03,134 - INFO - Epoch 46/50	 Step 201/469	 Loss 0.0170	 Time 6.81
2025-05-08 18:32:09,940 - INFO - Epoch 46/50	 Step 301/469	 Loss 0.0236	 Time 6.81
2025-05-08 18:32:16,745 - INFO - Epoch 46/50	 Step 401/469	 Loss 0.0159	 Time 6.81
2025-05-08 18:32:21,425 - INFO - Epoch 47/50	 Step 1/469	 Loss 0.0200	 Time 4.68
2025-05-08 18:32:28,231 - INFO - Epoch 47/50	 Step 101/469	 Loss 0.0208	 Time 6.81
2025-05-08 18:32:35,105 - INFO - Epoch 47/50	 Step 201/469	 Loss 0.0198	 Time 6.87
2025-05-08 18:32:41,915 - INFO - Epoch 47/50	 Step 301/469	 Loss 0.0230	 Time 6.81
2025-05-08 18:32:48,720 - INFO - Epoch 47/50	 Step 401/469	 Loss 0.0185	 Time 6.81
2025-05-08 18:32:53,399 - INFO - Epoch 48/50	 Step 1/469	 Loss 0.0172	 Time 4.68
2025-05-08 18:33:00,248 - INFO - Epoch 48/50	 Step 101/469	 Loss 0.0219	 Time 6.85
2025-05-08 18:33:07,056 - INFO - Epoch 48/50	 Step 201/469	 Loss 0.0221	 Time 6.81
2025-05-08 18:33:13,862 - INFO - Epoch 48/50	 Step 301/469	 Loss 0.0190	 Time 6.81
2025-05-08 18:33:20,671 - INFO - Epoch 48/50	 Step 401/469	 Loss 0.0229	 Time 6.81
2025-05-08 18:33:25,354 - INFO - Epoch 49/50	 Step 1/469	 Loss 0.0215	 Time 4.68
2025-05-08 18:33:32,161 - INFO - Epoch 49/50	 Step 101/469	 Loss 0.0224	 Time 6.81
2025-05-08 18:33:38,968 - INFO - Epoch 49/50	 Step 201/469	 Loss 0.0157	 Time 6.81
2025-05-08 18:33:45,775 - INFO - Epoch 49/50	 Step 301/469	 Loss 0.0219	 Time 6.81
2025-05-08 18:33:52,640 - INFO - Epoch 49/50	 Step 401/469	 Loss 0.0236	 Time 6.86
2025-05-08 18:33:57,326 - INFO - Epoch 50/50	 Step 1/469	 Loss 0.0180	 Time 4.69
2025-05-08 18:34:04,133 - INFO - Epoch 50/50	 Step 101/469	 Loss 0.0176	 Time 6.81
2025-05-08 18:34:11,020 - INFO - Epoch 50/50	 Step 201/469	 Loss 0.0190	 Time 6.89
2025-05-08 18:34:17,827 - INFO - Epoch 50/50	 Step 301/469	 Loss 0.0233	 Time 6.81
2025-05-08 18:34:24,632 - INFO - Epoch 50/50	 Step 401/469	 Loss 0.0196	 Time 6.81
2025-05-08 18:34:29,275 - INFO - training finished.
2025-05-08 18:59:48,607 - INFO - FID: 51.36, IS: 1.88 (std: 0.35)
